\BOOKMARK [0][-]{chapter*.2}{\376\377\000K\000u\000r\000s\000s\000i\000n\000\040\000r\000a\000k\000e\000n\000n\000e}{}% 1
\BOOKMARK [0][-]{chapter.1}{\376\377\000J\000o\000h\000d\000a\000n\000t\000o\000a\000\040\000j\000a\000\040\000j\000o\000h\000d\000a\000t\000t\000e\000l\000u\000a\000\040\000t\000i\000l\000a\000s\000t\000o\000t\000i\000e\000t\000e\000e\000s\000e\000e\000n}{}% 2
\BOOKMARK [1][-]{section.1.1}{\376\377\000T\000i\000l\000a\000s\000t\000o\000t\000i\000e\000d\000e\000\040\000j\000a\000\040\000k\000u\000r\000s\000s\000i\000n\000\040\000i\000d\000e\000a}{chapter.1}% 3
\BOOKMARK [1][-]{section.1.2}{\376\377\000T\000i\000l\000a\000s\000t\000o\000t\000i\000e\000t\000e\000e\000n\000\040\000a\000s\000e\000m\000a\000\040\000t\000u\000t\000k\000i\000m\000u\000s\000y\000h\000t\000e\000i\000s\000\366\000n\000\040\000u\000l\000k\000o\000p\000u\000o\000l\000e\000l\000l\000a}{chapter.1}% 4
\BOOKMARK [1][-]{section.1.3}{\376\377\000K\000u\000r\000s\000s\000i\000n\000\040\000l\000u\000o\000n\000n\000e\000\040\000t\000i\000l\000a\000s\000t\000o\000t\000i\000e\000t\000e\000e\000n\000\040\000\050\000j\000a\000\040\000d\000a\000t\000a\000t\000i\000e\000t\000e\000e\000n\000/\000d\000a\000t\000a\000-\000a\000n\000a\000l\000y\000t\000i\000i\000k\000a\000n\000\051\000\040\000o\000p\000i\000n\000t\000o\000j\000e\000n\000\040\000e\000s\000i\000t\000t\000e\000l\000i\000j\000\344\000n\000\344}{chapter.1}% 5
\BOOKMARK [0][-]{chapter.2}{\376\377\000T\000i\000e\000t\000e\000e\000l\000l\000i\000n\000e\000n\000\040\000t\000i\000e\000t\000o\000,\000\040\000t\000i\000l\000a\000s\000t\000o\000t\000\040\000j\000a\000\040\000a\000r\000k\000i\000t\000i\000e\000t\000o\000\040\000y\000h\000t\000e\000i\000s\000k\000u\000n\000n\000a\000s\000s\000a}{}% 6
\BOOKMARK [1][-]{section.2.1}{\376\377\000M\000i\000t\000\344\000\040\000o\000n\000\040\000t\000i\000e\000d\000e\000?}{chapter.2}% 7
\BOOKMARK [1][-]{section.2.2}{\376\377\000T\000i\000e\000t\000e\000e\000l\000l\000i\000n\000e\000n\000\040\000m\000e\000n\000e\000t\000e\000l\000m\000\344}{chapter.2}% 8
\BOOKMARK [1][-]{section.2.3}{\376\377\000T\000i\000l\000a\000s\000t\000o\000j\000e\000n\000\040\000y\000l\000e\000i\000s\000e\000s\000t\000\344\000\040\000r\000o\000o\000l\000i\000s\000t\000a\000\040\000y\000h\000t\000e\000i\000s\000k\000u\000n\000n\000a\000s\000s\000a}{chapter.2}% 9
\BOOKMARK [1][-]{section.2.4}{\376\377\000M\000i\000t\000\344\000\040\000o\000n\000\040\000t\000u\000t\000k\000i\000m\000u\000s\000?}{chapter.2}% 10
\BOOKMARK [1][-]{section.2.5}{\376\377\000T\000i\000e\000t\000e\000e\000l\000l\000i\000s\000e\000n\000\040\000t\000u\000t\000k\000i\000m\000u\000k\000s\000e\000n\000\040\000v\000a\000i\000h\000e\000e\000t\000\040\000j\000a\000\040\000t\000u\000l\000o\000s\000t\000e\000n\000\040\000j\000u\000l\000k\000a\000i\000s\000e\000m\000i\000n\000e\000n}{chapter.2}% 11
\BOOKMARK [0][-]{chapter.3}{\376\377\000T\000i\000l\000a\000s\000t\000o\000t\000i\000e\000d\000e\000\040\000t\000i\000e\000t\000e\000e\000n\000a\000l\000a\000n\000a}{}% 12
\BOOKMARK [1][-]{section.3.1}{\376\377\000L\000i\000s\000\344\000\344\000\040\000t\000i\000l\000a\000s\000t\000o\000t\000i\000e\000t\000e\000e\000n\000\040\000p\000e\000r\000u\000s\000t\000e\000r\000m\000e\000j\000\344}{chapter.3}% 13
\BOOKMARK [1][-]{section.3.2}{\376\377\000M\000i\000t\000\344\000\040\000t\000i\000l\000a\000s\000t\000o\000t\000i\000e\000d\000e\000\040\000o\000n\000\040\000j\000a\000\040\000m\000i\000t\000\344\000\040\000s\000e\000\040\000e\000i\000\040\000o\000l\000e\000?}{chapter.3}% 14
\BOOKMARK [1][-]{section.3.3}{\376\377\000T\000i\000l\000a\000s\000t\000o\000t\000i\000e\000t\000e\000e\000n\000\040\000s\000u\000h\000d\000e\000\040\000m\000a\000t\000e\000m\000a\000t\000i\000i\000k\000k\000a\000a\000n\000,\000\040\000t\000i\000e\000t\000o\000j\000e\000n\000k\000\344\000s\000i\000t\000t\000e\000l\000y\000t\000i\000e\000t\000e\000e\000s\000e\000e\000n\000\040\000j\000a\000\040\000d\000a\000t\000a\000t\000i\000e\000t\000e\000e\000s\000e\000e\000n\000\040\000\050\000d\000a\000t\000a\000\040\000s\000c\000i\000e\000n\000c\000e\000\051}{chapter.3}% 15
\BOOKMARK [1][-]{section.3.4}{\376\377\000T\000i\000l\000a\000s\000t\000o\000t\000i\000e\000t\000e\000e\000n\000\040\000o\000s\000a\000-\000a\000l\000u\000e\000e\000t}{chapter.3}% 16
\BOOKMARK [0][-]{chapter.4}{\376\377\000S\000a\000t\000t\000u\000m\000a\000\040\000j\000a\000\040\000s\000a\000t\000u\000n\000n\000a\000i\000s\000u\000u\000s}{}% 17
\BOOKMARK [1][-]{section.4.1}{\376\377\000S\000a\000t\000u\000n\000n\000a\000i\000s\000i\000l\000m\000i\000\366\000t\000\040\000j\000a\000\040\000s\000a\000t\000u\000n\000n\000a\000i\000s\000m\000u\000u\000t\000t\000u\000j\000a\000t\000\040\000t\000i\000l\000a\000s\000t\000o\000t\000i\000e\000t\000e\000e\000s\000s\000\344}{chapter.4}% 18
\BOOKMARK [1][-]{section.4.2}{\376\377\000T\000i\000l\000a\000s\000t\000o\000t\000i\000e\000t\000e\000e\000n\000\040\000s\000u\000h\000d\000e\000\040\000s\000a\000t\000u\000n\000n\000a\000i\000s\000u\000u\000t\000e\000e\000n\000\040\000j\000a\000\040\000t\000o\000d\000e\000n\000n\000\344\000k\000\366\000i\000s\000y\000y\000k\000s\000i\000i\000n}{chapter.4}% 19
\BOOKMARK [1][-]{section.4.3}{\376\377\000T\000i\000l\000a\000s\000t\000o\000l\000l\000i\000s\000e\000t\000\040\000m\000a\000l\000l\000i\000t\000,\000\040\000j\000a\000k\000a\000u\000m\000a\000t\000\040\000j\000a\000\040\000p\000a\000r\000a\000m\000e\000t\000r\000i\000t}{chapter.4}% 20
\BOOKMARK [1][-]{section.4.4}{\376\377\000O\000d\000o\000t\000u\000s\000a\000r\000v\000o\000\040\000j\000a\000\040\000v\000a\000r\000i\000a\000n\000s\000s\000i}{chapter.4}% 21
\BOOKMARK [1][-]{section.4.5}{\376\377\000J\000o\000i\000t\000a\000i\000n\000\040\000j\000a\000k\000a\000u\000m\000i\000a}{chapter.4}% 22
\BOOKMARK [1][-]{section.4.6}{\376\377\000S\000a\000t\000t\000u\000m\000a\000n\000\040\000r\000o\000o\000l\000i\000\040\000t\000i\000e\000t\000e\000e\000n\000t\000e\000o\000s\000s\000a\000:\000\040\000V\000a\000l\000e\000-\000e\000m\000\344\000v\000a\000l\000e\000-\000t\000i\000l\000a\000s\000t\000o\000?}{chapter.4}% 23
\BOOKMARK [0][-]{chapter.5}{\376\377\000T\000i\000l\000a\000s\000t\000o\000l\000l\000i\000s\000e\000t\000\040\000a\000i\000n\000e\000i\000s\000t\000o\000t\000,\000\040\000n\000i\000i\000d\000e\000n\000\040\000k\000e\000r\000\344\000\344\000m\000i\000n\000e\000n\000\040\000j\000a\000\040\000m\000i\000t\000t\000a\000a\000m\000i\000n\000e\000n}{}% 24
\BOOKMARK [1][-]{section.5.1}{\376\377\000K\000e\000r\000t\000a\000u\000s\000t\000a\000:\000\040\000D\000a\000t\000a\000\040\000e\000l\000i\000\040\000a\000i\000n\000e\000i\000s\000t\000o}{chapter.5}% 25
\BOOKMARK [1][-]{section.5.2}{\376\377\000O\000t\000a\000n\000n\000a\000n\000\040\000i\000d\000e\000a}{chapter.5}% 26
\BOOKMARK [1][-]{section.5.3}{\376\377\000T\000i\000l\000a\000s\000t\000o\000l\000l\000i\000s\000t\000e\000n\000\040\000m\000u\000u\000t\000t\000u\000j\000i\000e\000n\000\040\000m\000i\000t\000t\000a\000a\000m\000i\000n\000e\000n\000\040\000j\000a\000\040\000m\000i\000t\000t\000a\000-\000a\000s\000t\000e\000i\000k\000o\000t}{chapter.5}% 27
\BOOKMARK [1][-]{section.5.4}{\376\377\000K\000o\000n\000t\000r\000o\000l\000l\000o\000i\000d\000u\000t\000\040\000k\000o\000k\000e\000e\000t\000\040\000j\000a\000\040\000s\000u\000o\000r\000a\000t\000\040\000h\000a\000v\000a\000i\000n\000n\000o\000t}{chapter.5}% 28
\BOOKMARK [1][-]{section.5.5}{\376\377\000O\000t\000a\000n\000t\000a\000m\000e\000n\000e\000t\000e\000l\000m\000\344\000t}{chapter.5}% 29
\BOOKMARK [1][-]{section.5.6}{\376\377\000O\000t\000a\000n\000t\000a\000e\000s\000i\000m\000e\000r\000k\000k\000e\000j\000\344}{chapter.5}% 30
\BOOKMARK [1][-]{section.5.7}{\376\377\000O\000t\000a\000n\000n\000a\000n\000\040\000h\000a\000a\000s\000t\000e\000i\000t\000a\000\040\000v\000i\000e\000l\000\344\000\040\000k\000o\000o\000t\000u\000s\000t\000i}{chapter.5}% 31
\BOOKMARK [0][-]{chapter.6}{\376\377\000O\000t\000o\000k\000s\000e\000t\000\040\000j\000a\000\040\000o\000t\000o\000s\000j\000a\000k\000a\000u\000m\000a\000t\000:\000\040\000t\000i\000l\000a\000s\000t\000o\000l\000l\000i\000s\000e\000n\000\040\000p\000\344\000\344\000t\000t\000e\000l\000y\000n\000\040\000n\000\344\000k\000\366\000k\000u\000l\000m\000a}{}% 32
\BOOKMARK [1][-]{section.6.1}{\376\377\000S\000a\000t\000u\000n\000n\000a\000i\000s\000o\000t\000o\000s\000,\000\040\000y\000h\000t\000e\000i\000s\000j\000a\000k\000a\000u\000m\000a\000\040\000j\000a\000\040\000t\000i\000l\000a\000s\000t\000o\000l\000l\000i\000n\000e\000n\000\040\000m\000a\000l\000l\000i}{chapter.6}% 33
\BOOKMARK [1][-]{section.6.2}{\376\377\000O\000t\000o\000s\000j\000a\000k\000a\000u\000m\000a\000:\000\040\000E\000s\000t\000i\000m\000a\000a\000t\000t\000o\000r\000i\000\040\000j\000a\000\040\000e\000s\000t\000i\000m\000a\000a\000t\000t\000i}{chapter.6}% 34
\BOOKMARK [1][-]{section.6.3}{\376\377\000O\000t\000o\000s\000k\000e\000s\000k\000i\000a\000r\000v\000o\000\040\000j\000a\000\040\000o\000t\000o\000s\000v\000a\000r\000i\000a\000n\000s\000s\000i\000\040\000\050\000e\000s\000t\000i\000m\000a\000a\000t\000t\000o\000r\000e\000i\000n\000t\000a\000\051}{chapter.6}% 35
\BOOKMARK [1][-]{section.6.4}{\376\377\000S\000u\000h\000t\000e\000e\000l\000l\000i\000s\000e\000n\000\040\000f\000r\000e\000k\000v\000e\000n\000s\000s\000i\000n\000\040\000o\000t\000o\000s\000j\000a\000k\000a\000u\000m\000a}{chapter.6}% 36
\BOOKMARK [1][-]{section.6.5}{\376\377\000M\000u\000i\000t\000a\000\040\000t\000u\000n\000n\000u\000s\000l\000u\000k\000u\000j\000a}{chapter.6}% 37
\BOOKMARK [1][-]{section.6.6}{\376\377\000L\000u\000o\000t\000t\000a\000m\000u\000s\000v\000\344\000l\000i\000t}{chapter.6}% 38
\BOOKMARK [1][-]{section.6.7}{\376\377\000O\000t\000o\000s\000k\000o\000k\000o}{chapter.6}% 39
\BOOKMARK [0][-]{chapter.7}{\376\377\000T\000i\000l\000a\000s\000t\000o\000l\000l\000i\000n\000e\000n\000\040\000r\000i\000i\000p\000p\000u\000v\000u\000u\000s\000\040\000j\000a\000\040\000k\000o\000r\000r\000e\000l\000a\000a\000t\000i\000o}{}% 40
\BOOKMARK [1][-]{section.7.1}{\376\377\000M\000u\000u\000t\000t\000u\000j\000i\000e\000n\000\040\000v\000\344\000l\000i\000s\000e\000t\000\040\000r\000i\000i\000p\000p\000u\000v\000u\000u\000d\000e\000t\000\040\000t\000i\000l\000a\000s\000t\000o\000l\000l\000i\000s\000e\000n\000\040\000t\000u\000t\000k\000i\000m\000u\000k\000s\000e\000n\000\040\000k\000o\000h\000t\000e\000e\000n\000a}{chapter.7}% 41
\BOOKMARK [1][-]{section.7.2}{\376\377\000K\000a\000h\000d\000e\000n\000\040\000m\000u\000u\000t\000t\000u\000j\000a\000n\000\040\000h\000a\000v\000a\000i\000n\000t\000o\000a\000i\000n\000e\000i\000s\000t\000o\000n\000\040\000k\000u\000v\000a\000a\000m\000i\000n\000e\000n}{chapter.7}% 42
\BOOKMARK [1][-]{section.7.3}{\376\377\000T\000u\000n\000n\000u\000s\000l\000u\000v\000u\000t}{chapter.7}% 43
\BOOKMARK [1][-]{section.7.4}{\376\377\000S\000a\000t\000u\000n\000n\000a\000i\000s\000m\000u\000u\000t\000t\000u\000j\000i\000e\000n\000\040\000k\000o\000v\000a\000r\000i\000a\000n\000s\000s\000i\000\040\000j\000a\000\040\000k\000o\000r\000r\000e\000l\000a\000a\000t\000i\000o}{chapter.7}% 44
\BOOKMARK [0][-]{chapter.8}{\376\377\000R\000e\000g\000r\000e\000s\000s\000i\000o\000a\000n\000a\000l\000y\000y\000s\000i}{}% 45
\BOOKMARK [1][-]{section.8.1}{\376\377\000J\000o\000h\000d\000a\000t\000u\000s\000\040\000r\000e\000g\000r\000e\000s\000s\000i\000o\000a\000n\000a\000l\000y\000y\000s\000i\000n\000\040\000i\000d\000e\000a\000a\000n}{chapter.8}% 46
\BOOKMARK [1][-]{section.8.2}{\376\377\000Y\000h\000d\000e\000n\000\040\000s\000e\000l\000i\000t\000t\000\344\000j\000\344\000n\000\040\000l\000i\000n\000e\000a\000a\000r\000i\000n\000e\000n\000\040\000r\000e\000g\000r\000e\000s\000s\000i\000o\000m\000a\000l\000l\000i}{chapter.8}% 47
\BOOKMARK [1][-]{section.8.3}{\376\377\000M\000u\000i\000t\000a\000\040\000r\000e\000g\000r\000e\000s\000s\000i\000o\000m\000a\000l\000l\000e\000j\000a}{chapter.8}% 48
\BOOKMARK [0][-]{chapter.9}{\376\377\000T\000i\000l\000a\000s\000t\000o\000t\000i\000e\000t\000e\000e\000n\000\040\000r\000o\000o\000l\000i\000\040\000u\000u\000d\000e\000n\000\040\000t\000i\000e\000d\000o\000n\000\040\000t\000u\000o\000t\000t\000a\000m\000i\000s\000e\000s\000s\000a}{}% 49
\BOOKMARK [1][-]{section.9.1}{\376\377\000T\000i\000l\000a\000s\000t\000o\000l\000l\000i\000s\000e\000n\000\040\000t\000u\000t\000k\000i\000m\000u\000k\000s\000e\000n\000\040\000y\000h\000t\000e\000i\000s\000i\000\344\000\040\000e\000l\000e\000m\000e\000n\000t\000t\000e\000j\000\344}{chapter.9}% 50
\BOOKMARK [1][-]{section.9.2}{\376\377\000T\000u\000t\000k\000i\000m\000u\000s\000p\000r\000o\000s\000e\000s\000s\000i}{chapter.9}% 51
\BOOKMARK [0][-]{chapter.10}{\376\377\000A\000i\000n\000e\000i\000s\000t\000o\000-\000\040\000j\000a\000\040\000t\000u\000t\000k\000i\000m\000u\000s\000t\000y\000y\000p\000i\000t\000\040\000j\000a\000\040\000k\000o\000e\000a\000s\000e\000t\000e\000l\000m\000a\000t}{}% 52
\BOOKMARK [1][-]{section.10.1}{\376\377\000T\000u\000t\000k\000i\000m\000u\000s\000t\000y\000y\000p\000i\000t}{chapter.10}% 53
\BOOKMARK [1][-]{section.10.2}{\376\377\000T\000u\000t\000k\000i\000m\000u\000s\000s\000t\000r\000a\000t\000e\000g\000i\000a\000t}{chapter.10}% 54
\BOOKMARK [1][-]{section.10.3}{\376\377\000E\000r\000i\000l\000a\000i\000s\000i\000a\000\040\000a\000i\000n\000e\000i\000s\000t\000o\000j\000a\000\040\000j\000a\000\040\000a\000i\000n\000e\000i\000s\000t\000o\000l\000\344\000h\000t\000e\000i\000t\000\344}{chapter.10}% 55
\BOOKMARK [0][-]{chapter.11}{\376\377\000T\000i\000l\000a\000s\000t\000o\000l\000l\000i\000s\000e\000s\000t\000a\000\040\000e\000n\000n\000u\000s\000t\000a\000m\000i\000s\000e\000s\000t\000a}{}% 56
\BOOKMARK [1][-]{section.11.1}{\376\377\000T\000i\000l\000a\000s\000t\000o\000l\000l\000i\000n\000e\000n\000\040\000s\000e\000l\000i\000t\000t\000\344\000m\000i\000n\000e\000n\000\040\000v\000s\000.\000\040\000e\000n\000n\000u\000s\000t\000a\000m\000i\000n\000e\000n}{chapter.11}% 57
\BOOKMARK [1][-]{section.11.2}{\376\377\000T\000i\000l\000a\000s\000t\000o\000l\000l\000i\000s\000e\000e\000n\000\040\000e\000n\000n\000u\000s\000t\000a\000m\000i\000s\000e\000e\000n\000\040\000l\000i\000i\000t\000t\000y\000v\000i\000\344\000\040\000h\000u\000o\000m\000i\000o\000i\000t\000a}{chapter.11}% 58
\BOOKMARK [0][-]{chapter.12}{\376\377\000T\000i\000l\000a\000s\000t\000o\000t\000i\000e\000t\000e\000e\000n\000\040\000k\000e\000h\000i\000t\000y\000k\000s\000e\000n\000\040\000n\000y\000k\000y\000t\000r\000e\000n\000d\000e\000j\000\344}{}% 59
